1591085763186	mozrunner::runner	INFO	Running command: "C:\\Program Files\\Mozilla Firefox\\firefox.exe" "-marionette" "-foreground" "-no-remote" "-profile" "C:\\Users\\rgstr\\AppData\\Local\\Temp\\rust_mozprofileolKI9H"
1591085763517	addons.webextension.doh-rollout@mozilla.org	WARN	Loading extension 'doh-rollout@mozilla.org': Reading manifest: Invalid extension permission: networkStatus
1591085763940	addons.webextension.screenshots@mozilla.org	WARN	Loading extension 'screenshots@mozilla.org': Reading manifest: Invalid extension permission: mozillaAddons
1591085763940	addons.webextension.screenshots@mozilla.org	WARN	Loading extension 'screenshots@mozilla.org': Reading manifest: Invalid extension permission: telemetry
1591085764010	addons.webextension.screenshots@mozilla.org	WARN	Loading extension 'screenshots@mozilla.org': Reading manifest: Invalid extension permission: resource://pdf.js/
1591085764010	addons.webextension.screenshots@mozilla.org	WARN	Loading extension 'screenshots@mozilla.org': Reading manifest: Invalid extension permission: about:reader*
JavaScript error: resource://gre/modules/XULStore.jsm, line 66: Error: Can't find profile directory.
1591085766371	Marionette	INFO	Listening on port 5098
1591085766850	Marionette	WARN	TLS certificate errors will be ignored for this session
1591085795457	Marionette	INFO	Stopped listening on port 5098

###!!! [Child][RunMessage] Error: Channel closing: too late to send/recv, messages will be lost


###!!! [Child][MessageChannel::SendAndWait] Error: Channel error: cannot send/recv

1591085809711	mozrunner::runner	INFO	Running command: "C:\\Program Files\\Mozilla Firefox\\firefox.exe" "-marionette" "-foreground" "-no-remote" "-profile" "C:\\Users\\rgstr\\AppData\\Local\\Temp\\rust_mozprofileCiCDTZ"
1591085810008	addons.webextension.doh-rollout@mozilla.org	WARN	Loading extension 'doh-rollout@mozilla.org': Reading manifest: Invalid extension permission: networkStatus
1591085810385	addons.webextension.screenshots@mozilla.org	WARN	Loading extension 'screenshots@mozilla.org': Reading manifest: Invalid extension permission: mozillaAddons
1591085810385	addons.webextension.screenshots@mozilla.org	WARN	Loading extension 'screenshots@mozilla.org': Reading manifest: Invalid extension permission: telemetry
1591085810385	addons.webextension.screenshots@mozilla.org	WARN	Loading extension 'screenshots@mozilla.org': Reading manifest: Invalid extension permission: resource://pdf.js/
1591085810385	addons.webextension.screenshots@mozilla.org	WARN	Loading extension 'screenshots@mozilla.org': Reading manifest: Invalid extension permission: about:reader*
JavaScript error: resource://gre/modules/XULStore.jsm, line 66: Error: Can't find profile directory.
1591085812615	Marionette	INFO	Listening on port 5203
1591085812837	Marionette	WARN	TLS certificate errors will be ignored for this session
1591085852002	Marionette	INFO	Stopped listening on port 5203

###!!! [Child][RunMessage] Error: Channel closing: too late to send/recv, messages will be lost


###!!! [Child][MessageChannel::SendAndWait] Error: Channel error: cannot send/recv

1591085913140	mozrunner::runner	INFO	Running command: "C:\\Program Files\\Mozilla Firefox\\firefox.exe" "-marionette" "-foreground" "-no-remote" "-profile" "C:\\Users\\rgstr\\AppData\\Local\\Temp\\rust_mozprofilepmkKFg"
1591085913494	addons.webextension.doh-rollout@mozilla.org	WARN	Loading extension 'doh-rollout@mozilla.org': Reading manifest: Invalid extension permission: networkStatus
1591085913907	addons.webextension.screenshots@mozilla.org	WARN	Loading extension 'screenshots@mozilla.org': Reading manifest: Invalid extension permission: mozillaAddons
1591085913907	addons.webextension.screenshots@mozilla.org	WARN	Loading extension 'screenshots@mozilla.org': Reading manifest: Invalid extension permission: telemetry
1591085913907	addons.webextension.screenshots@mozilla.org	WARN	Loading extension 'screenshots@mozilla.org': Reading manifest: Invalid extension permission: resource://pdf.js/
1591085913907	addons.webextension.screenshots@mozilla.org	WARN	Loading extension 'screenshots@mozilla.org': Reading manifest: Invalid extension permission: about:reader*
JavaScript error: resource://gre/modules/XULStore.jsm, line 66: Error: Can't find profile directory.
1591085916213	Marionette	INFO	Listening on port 5302
1591085916282	Marionette	WARN	TLS certificate errors will be ignored for this session
[Child 13636, Chrome_ChildThread] WARNING: pipe error: 232: file /builds/worker/checkouts/gecko/ipc/chromium/src/chrome/common/ipc_channel_win.cc, line 522
1591085928349	Marionette	INFO	Stopped listening on port 5302

###!!! [Child][RunMessage] Error: Channel closing: too late to send/recv, messages will be lost


###!!! [Child][MessageChannel::SendAndWait] Error: Channel error: cannot send/recv

1591085978441	mozrunner::runner	INFO	Running command: "C:\\Program Files\\Mozilla Firefox\\firefox.exe" "-marionette" "-headless" "-foreground" "-no-remote" "-profile" "C:\\Users\\rgstr\\AppData\\Local\\Temp\\rust_mozprofile2sFKFQ"
*** You are running in headless mode.
1591085978744	addons.webextension.doh-rollout@mozilla.org	WARN	Loading extension 'doh-rollout@mozilla.org': Reading manifest: Invalid extension permission: networkStatus
1591085979135	addons.webextension.screenshots@mozilla.org	WARN	Loading extension 'screenshots@mozilla.org': Reading manifest: Invalid extension permission: mozillaAddons
1591085979135	addons.webextension.screenshots@mozilla.org	WARN	Loading extension 'screenshots@mozilla.org': Reading manifest: Invalid extension permission: telemetry
1591085979135	addons.webextension.screenshots@mozilla.org	WARN	Loading extension 'screenshots@mozilla.org': Reading manifest: Invalid extension permission: resource://pdf.js/
1591085979135	addons.webextension.screenshots@mozilla.org	WARN	Loading extension 'screenshots@mozilla.org': Reading manifest: Invalid extension permission: about:reader*
JavaScript error: resource://gre/modules/XULStore.jsm, line 66: Error: Can't find profile directory.
1591085980671	Marionette	INFO	Listening on port 5392
1591085981066	Marionette	WARN	TLS certificate errors will be ignored for this session
[Parent 1784, Gecko_IOThread] WARNING: file /builds/worker/checkouts/gecko/ipc/chromium/src/base/process_util_win.cc, line 166
JavaScript error: , line 0: uncaught exception: null
JavaScript error: , line 0: uncaught exception: null
JavaScript error: , line 0: uncaught exception: null
JavaScript error: , line 0: uncaught exception: null
JavaScript error: , line 0: uncaught exception: null
JavaScript error: , line 0: uncaught exception: null
JavaScript error: , line 0: uncaught exception: null
JavaScript error: , line 0: uncaught exception: null
JavaScript error: , line 0: uncaught exception: null
JavaScript error: , line 0: uncaught exception: null
JavaScript error: , line 0: uncaught exception: null
JavaScript error: , line 0: uncaught exception: null
JavaScript error: , line 0: uncaught exception: null
JavaScript error: , line 0: uncaught exception: null
JavaScript error: , line 0: uncaught exception: null
JavaScript error: , line 0: uncaught exception: null
JavaScript error: , line 0: uncaught exception: null
JavaScript error: , line 0: uncaught exception: null
JavaScript error: , line 0: uncaught exception: null
JavaScript error: , line 0: uncaught exception: null
JavaScript error: , line 0: uncaught exception: null
JavaScript error: , line 0: uncaught exception: null
JavaScript error: , line 0: uncaught exception: null
JavaScript error: , line 0: uncaught exception: null
JavaScript error: , line 0: uncaught exception: null
JavaScript error: , line 0: uncaught exception: null
JavaScript error: , line 0: uncaught exception: null
JavaScript error: , line 0: uncaught exception: null
JavaScript error: , line 0: uncaught exception: null
JavaScript error: , line 0: uncaught exception: null
JavaScript error: , line 0: uncaught exception: null
JavaScript error: , line 0: uncaught exception: null
JavaScript error: , line 0: uncaught exception: null
JavaScript error: , line 0: uncaught exception: null
JavaScript error: , line 0: uncaught exception: null
JavaScript error: , line 0: uncaught exception: null
JavaScript error: , line 0: uncaught exception: null
JavaScript error: , line 0: uncaught exception: null
JavaScript error: , line 0: uncaught exception: null
JavaScript error: , line 0: uncaught exception: null
JavaScript error: , line 0: uncaught exception: null
JavaScript error: , line 0: uncaught exception: null
JavaScript error: , line 0: uncaught exception: null
JavaScript error: , line 0: uncaught exception: null
JavaScript error: , line 0: uncaught exception: null
JavaScript error: , line 0: uncaught exception: null
JavaScript error: , line 0: uncaught exception: null
JavaScript error: , line 0: uncaught exception: null
JavaScript error: , line 0: uncaught exception: null
Exiting due to channel error.
error: , line 0: uncaught exception: null
JavaScript error: , line 0: uncaught exception: null
JavaScript error: , line 0: uncaught exception: null
JavaScript error: , line 0: uncaught exception: null
JavaScript error: , line 0: uncaught exception: null
JavaScript error: , line 0: uncaught exception: null
JavaScript error: , line 0: uncaught exception: null
JavaScript error: , line 0: uncaught exception: null
JavaScript error: , line 0: uncaught exception: null
JavaScript error: , line 0: uncaught exception: null
JavaScript error: , line 0: uncaught exception: null
JavaScript error: , line 0: uncaught exception: null
JavaScript error: , line 0: uncaught exception: null
JavaScript error: , line 0: uncaught exception: null
JavaScript error: , line 0: uncaught exception: null
JavaScript error: , line 0: uncaught exception: null
JavaScript error: , line 0: uncaught exception: null
JavaScript error: , line 0: uncaught exception: null
JavaScript error: , line 0: uncaught exception: null
JavaScript error: , line 0: uncaught exception: null
JavaScript error: , line 0: uncaught exception: null
JavaScript error: , line 0: uncaught exception: null
JavaScript error: , line 0: uncaught exception: null
JavaScript error: , line 0: uncaught exception: null
JavaScript error: , line 0: uncaught exception: null
JavaScript error: , line 0: uncaught exception: null
JavaScript error: , line 0: uncaught exception: null
ht exception: null
JavaScript error: , line 0: uncaught exception: null
JavaScript error: , line 0: uncaught exception: null
JavaScript error: , line 0: uncaught exception: null
JavaScript error: , line 0: uncaught exception: null
JavaScript error: , line 0: uncaught exception: null
JavaScript error: , line 0: uncaught exception: null
JavaScript error: , line 0: uncaught exception: null
JavaScript error: , line 0: uncaught exception: null
JavaScript error: , line 0: uncaught exception: null
JavaScript error: , line 0: uncaught exception: null
JavaScript error: , line 0: uncaught exception: null
JavaScript error: , line 0: uncaught exception: null
JavaScript error: , line 0: uncaught exception: null
JavaScript error: , line 0: uncaught exception: null
JavaScript error: , line 0: uncaught exception: null
JavaScript error: , line 0: uncaught exception: null
JavaScript error: , line 0: uncaught exception: null
JavaScript error: , line 0: uncaught exception: null
JavaScript error: , line 0: uncaught exception: null
JavaScript error: , line 0: uncaught exception: null
JavaScript error: , line 0: uncaught exception: null
JavaScript error: , line 0: uncaught exception: null
JavaScript error: , line 0: uncaught exception: null
Exiting due to channel error.
rror: , line 0: uncaught exception: null
JavaScript error: , line 0: uncaught exception: null
JavaScript error: , line 0: uncaught exception: null
JavaScript error: , line 0: uncaught exception: null
JavaScript error: , line 0: uncaught exception: null
JavaScript error: , line 0: uncaught exception: null
JavaScript error: , line 0: uncaught exception: null
JavaScript error: , line 0: uncaught exception: null
JavaScript error: , line 0: uncaught exception: null
JavaScript error: , line 0: uncaught exception: null
JavaScript error: , line 0: uncaught exception: null
JavaScript error: , line 0: uncaught exception: null
JavaScript error: , line 0: uncaught exception: null
JavaScript error: , line 0: uncaught exception: null
JavaScript error: , line 0: uncaught exception: null
JavaScript error: , line 0: uncaught exception: null
JavaScript error: , line 0: uncaught exception: null
JavaScript error: , line 0: uncaught exception: null
JavaScript error: , line 0: uncaught exception: null
JavaScript error: , line 0: uncaught exception: null
JavaScript error: , line 0: uncaught exception: null
JavaScript error: , line 0: uncaught exception: null
JavaScript error: , line 0: uncaught exception: null
JavaScript error: , line 0: uncaught exception: null
JavaScript error: , line 0: uncaught exception: null
JavaScript error: , line 0: uncaught exception: null
 line 0: uncaught exception: null
JavaScript error: , line 0: uncaught exception: null
JavaScript error: , line 0: uncaught exception: null
JavaScript error: , line 0: uncaught exception: null
JavaScript error: , line 0: uncaught exception: null
JavaScript error: , line 0: uncaught exception: null
JavaScript error: , line 0: uncaught exception: null
JavaScript error: , line 0: uncaught exception: null
JavaScript error: , line 0: uncaught exception: null
JavaScript error: , line 0: uncaught exception: null
JavaScript error: , line 0: uncaught exception: null
JavaScript error: , line 0: uncaught exception: null
JavaScript error: , line 0: uncaught exception: null
JavaScript error: , line 0: uncaught exception: null
JavaScript error: , line 0: uncaught exception: null
JavaScript error: , line 0: uncaught exception: null
JavaScript error: , line 0: uncaught exception: null
JavaScript error: , line 0: uncaught exception: null
JavaScript error: , line 0: uncaught exception: null
JavaScript error: , line 0: uncaught exception: null
JavaScript error: , line 0: uncaught exception: null
JavaScript error: , line 0: uncaught exception: null
JavaScript error: , line 0: uncaught exception: null
JavaScript error: , line 0: uncaught exception: null
JavaScript error: , line 0: uncaught exception: null
JavaScript error: , line 0: uncaught exception: null
JavaScript error: , line 0: uncaught exception: null
JavaScript error: , line 0: uncaught exception: null
aScript error: , line 0: uncaught exception: null
JavaScript error: , line 0: uncaught exception: null
JavaScript error: , line 0: uncaught exception: null
JavaScript error: , line 0: uncaught exception: null
JavaScript error: , line 0: uncaught exception: null
JavaScript error: , line 0: uncaught exception: null
JavaScript error: , line 0: uncaught exception: null
JavaScript error: , line 0: uncaught exception: null
JavaScript error: , line 0: uncaught exception: null
JavaScript error: , line 0: uncaught exception: null
JavaScript error: , line 0: uncaught exception: null
JavaScript error: , line 0: uncaught exception: null
JavaScript error: , line 0: uncaught exception: null
JavaScript error: , line 0: uncaught exception: null
JavaScript error: , line 0: uncaught exception: null
JavaScript error: , line 0: uncaught exception: null
JavaScript error: , line 0: uncaught exception: null
JavaScript error: , line 0: uncaught exception: null
JavaScript error: , line 0: uncaught exception: null
JavaScript error: , line 0: uncaught exception: null
JavaScript error: , line 0: uncaught exception: null
JavaScript error: , line 0: uncaught exception: null
JavaScript error: , line 0: uncaught exception: null
JavaScript error: , line 0: uncaught exception: null
JavaScript error: , line 0: uncaught exception: null
JavaScript error: , line 0: uncaught exception: null
JavaScript error: , line 0: uncaught exception: null
JavaScript error: , line 0: uncaught exception: null
JavaScript error: , line 0: uncaught exception: null
JavaScript error: , line 0: uncaught exception: null
JavaScript error: , line 0: uncaught exception: null
JavaScript error: , line 0: uncaught exception: null
JavaScript error: , line 0: uncaught exception: null
JavaScript error: , line 0: uncaught exception: null
JavaScript error: , line 0: uncaught exception: null
JavaScript error: , line 0: uncaught exception: null
JavaScript error: , line 0: uncaught exception: null
JavaScript error: , line 0: uncaught exception: null
JavaScript error: , line 0: uncaught exception: null
JavaScript error: , line 0: uncaught exception: null
JavaScript error: , line 0: uncaught exception: null
JavaScript error: , line 0: uncaught exception: null
JavaScript error: , line 0: uncaught exception: null
JavaScript error: , line 0: uncaught exception: null
JavaScript error: , line 0: uncaught exception: null
JavaScript error: , line 0: uncaught exception: null
JavaScript error: , line 0: uncaught exception: null
JavaScript error: , line 0: uncaught exception: null
JavaScript error: , line 0: uncaught exception: null
JavaScript error: , line 0: uncaught exception: null
JavaScript error: , line 0: uncaught exception: null
JavaScript error: , line 0: uncaught exception: null
JavaScript error: , line 0: uncaught exception: null
JavaScript error: , line 0: uncaught exception: null
JavaScript error: , line 0: uncaught exception: null
JavaScript error: , line 0: uncaught exception: null
JavaScript error: , line 0: uncaught exception: null
JavaScript error: , line 0: uncaught exception: null
ht exception: null
JavaScript error: , line 0: uncaught exception: null
JavaScript error: , line 0: uncaught exception: null
JavaScript error: , line 0: uncaught exception: null
JavaScript error: , line 0: uncaught exception: null
JavaScript error: , line 0: uncaught exception: null
JavaScript error: , line 0: uncaught exception: null
JavaScript error: , line 0: uncaught exception: null
JavaScript error: , line 0: uncaught exception: null
JavaScript error: , line 0: uncaught exception: null
JavaScript error: , line 0: uncaught exception: null
JavaScript error: , line 0: uncaught exception: null
JavaScript error: , line 0: uncaught exception: null
JavaScript error: , line 0: uncaught exception: null
JavaScript error: , line 0: uncaught exception: null
JavaScript error: , line 0: uncaught exception: null
JavaScript error: , line 0: uncaught exception: null
JavaScript error: , line 0: uncaught exception: null
JavaScript error: , line 0: uncaught exception: null
JavaScript error: , line 0: uncaught exception: null
JavaScript error: , line 0: uncaught exception: null
JavaScript error: , line 0: uncaught exception: null
JavaScript error: , line 0: uncaught exception: null
JavaScript error: , line 0: uncaught exception: null
JavaScript error: , line 0: uncaught exception: null
JavaScript error: , line 0: uncaught exception: null
JavaScript error: , line 0: uncaught exception: null
t exception: null
JavaScript error: , line 0: uncaught exception: null
JavaScript error: , line 0: uncaught exception: null
JavaScript error: , line 0: uncaught exception: null
JavaScript error: , line 0: uncaught exception: null
JavaScript error: , line 0: uncaught exception: null
JavaScript error: , line 0: uncaught exception: null
JavaScript error: , line 0: uncaught exception: null
JavaScript error: , line 0: uncaught exception: null
JavaScript error: , line 0: uncaught exception: null
JavaScript error: , line 0: uncaught exception: null
JavaScript error: , line 0: uncaught exception: null
JavaScript error: , line 0: uncaught exception: null
JavaScript error: , line 0: uncaught exception: null
JavaScript error: , line 0: uncaught exception: null
JavaScript error: , line 0: uncaught exception: null
JavaScript error: , line 0: uncaught exception: null
JavaScript error: , line 0: uncaught exception: null
JavaScript error: , line 0: uncaught exception: null
JavaScript error: , line 0: uncaught exception: null
JavaScript error: , line 0: uncaught exception: null
JavaScript error: , line 0: uncaught exception: null
JavaScript error: , line 0: uncaught exception: null
JavaScript error: , line 0: uncaught exception: null
JavaScript error: , line 0: uncaught exception: null
ht exception: null
JavaScript error: , line 0: uncaught exception: null
JavaScript error: , line 0: uncaught exception: null
JavaScript error: , line 0: uncaught exception: null
JavaScript error: , line 0: uncaught exception: null
JavaScript error: , line 0: uncaught exception: null
JavaScript error: , line 0: uncaught exception: null
JavaScript error: , line 0: uncaught exception: null
JavaScript error: , line 0: uncaught exception: null
JavaScript error: , line 0: uncaught exception: null
JavaScript error: , line 0: uncaught exception: null
JavaScript error: , line 0: uncaught exception: null
JavaScript error: , line 0: uncaught exception: null
JavaScript error: , line 0: uncaught exception: null
JavaScript error: , line 0: uncaught exception: null
JavaScript error: , line 0: uncaught exception: null
JavaScript error: , line 0: uncaught exception: null
JavaScript error: , line 0: uncaught exception: null
JavaScript error: , line 0: uncaught exception: null
JavaScript error: , line 0: uncaught exception: null
JavaScript error: , line 0: uncaught exception: null
JavaScript error: , line 0: uncaught exception: null
JavaScript error: , line 0: uncaught exception: null
JavaScript error: , line 0: uncaught exception: null
JavaScript error: , line 0: uncaught exception: null
ption: null
JavaScript error: , line 0: uncaught exception: null
JavaScript error: , line 0: uncaught exception: null
JavaScript error: , line 0: uncaught exception: null
JavaScript error: , line 0: uncaught exception: null
JavaScript error: , line 0: uncaught exception: null
JavaScript error: , line 0: uncaught exception: null
JavaScript error: , line 0: uncaught exception: null
JavaScript error: , line 0: uncaught exception: null
JavaScript error: , line 0: uncaught exception: null
JavaScript error: , line 0: uncaught exception: null
JavaScript error: , line 0: uncaught exception: null
JavaScript error: , line 0: uncaught exception: null
JavaScript error: , line 0: uncaught exception: null
JavaScript error: , line 0: uncaught exception: null
JavaScript error: , line 0: uncaught exception: null
JavaScript error: , line 0: uncaught exception: null
JavaScript error: , line 0: uncaught exception: null
JavaScript error: , line 0: uncaught exception: null
JavaScript error: , line 0: uncaught exception: null
JavaScript error: , line 0: uncaught exception: null
JavaScript error: , line 0: uncaught exception: null
JavaScript error: , line 0: uncaught exception: null
JavaScript error: , line 0: uncaught exception: null
JavaScript error: , line 0: uncaught exception: null
JavaScript error: , line 0: uncaught exception: null
JavaScript error: , line 0: uncaught exception: null
JavaScript error: , line 0: uncaught exception: null
 3886
1591090253417	Marionette	WARN	TLS certificate errors will be ignored for this session
[Parent 20004, Gecko_IOThread] WARNING: file /builds/worker/checkouts/gecko/ipc/chromium/src/base/process_util_win.cc, line 166
JavaScript error: , line 0: uncaught exception: null
JavaScript error: , line 0: uncaught exception: null
JavaScript error: , line 0: uncaught exception: null
JavaScript error: , line 0: uncaught exception: null
JavaScript error: , line 0: uncaught exception: null
JavaScript error: , line 0: uncaught exception: null
JavaScript error: , line 0: uncaught exception: null
JavaScript error: , line 0: uncaught exception: null
JavaScript error: , line 0: uncaught exception: null
JavaScript error: , line 0: uncaught exception: null
JavaScript error: , line 0: uncaught exception: null
JavaScript error: , line 0: uncaught exception: null
JavaScript error: , line 0: uncaught exception: null
JavaScript error: , line 0: uncaught exception: null
JavaScript error: , line 0: uncaught exception: null
JavaScript error: , line 0: uncaught exception: null
JavaScript error: , line 0: uncaught exception: null
JavaScript error: , line 0: uncaught exception: null
JavaScript error: , line 0: uncaught exception: null
JavaScript error: , line 0: uncaught exception: null
JavaScript error: , line 0: uncaught exception: null
JavaScript error: , line 0: uncaught exception: null
JavaScript error: , line 0: uncaught exception: null
JavaScript error: , line 0: uncaught exception: null
JavaScript error: , line 0: uncaught exception: null
JavaScript error: , line 0: uncaught exception: null
JavaScript error: , line 0: uncaught exception: null
JavaScript error: , line 0: uncaught exception: null
JavaScript error: , line 0: uncaught exception: null
JavaScript error: , line 0: uncaught exception: null
JavaScript error: , line 0: uncaught exception: null
JavaScript error: , line 0: uncaught exception: null
JavaScript error: , line 0: uncaught exception: null
JavaScript error: , line 0: uncaught exception: null
JavaScript error: , line 0: uncaught exception: null
JavaScript error: , line 0: uncaught exception: null
JavaScript error: , line 0: uncaught exception: null
JavaScript error: , line 0: uncaught exception: null
JavaScript error: , line 0: uncaught exception: null
JavaScript error: , line 0: uncaught exception: null
JavaScript error: , line 0: uncaught exception: null
JavaScript error: , line 0: uncaught exception: null
JavaScript error: , line 0: uncaught exception: null
JavaScript error: , line 0: uncaught exception: null
JavaScript error: , line 0: uncaught exception: null
JavaScript error: , line 0: uncaught exception: null
JavaScript error: , line 0: uncaught exception: null
JavaScript error: , line 0: uncaught exception: null
JavaScript error: , line 0: uncaught exception: null
avaScript error: , line 0: uncaught exception: null
JavaScript error: , line 0: uncaught exception: null
JavaScript error: , line 0: uncaught exception: null
JavaScript error: , line 0: uncaught exception: null
JavaScript error: , line 0: uncaught exception: null
JavaScript error: , line 0: uncaught exception: null
JavaScript error: , line 0: uncaught exception: null
JavaScript error: , line 0: uncaught exception: null
JavaScript error: , line 0: uncaught exception: null
JavaScript error: , line 0: uncaught exception: null
JavaScript error: , line 0: uncaught exception: null
JavaScript error: , line 0: uncaught exception: null
JavaScript error: , line 0: uncaught exception: null
JavaScript error: , line 0: uncaught exception: null
JavaScript error: , line 0: uncaught exception: null
JavaScript error: , line 0: uncaught exception: null
JavaScript error: , line 0: uncaught exception: null
JavaScript error: , line 0: uncaught exception: null
JavaScript error: , line 0: uncaught exception: null
JavaScript error: , line 0: uncaught exception: null
JavaScript error: , line 0: uncaught exception: null
JavaScript error: , line 0: uncaught exception: null
JavaScript error: , line 0: uncaught exception: null
JavaScript error: , line 0: uncaught exception: null
ht exception: null
JavaScript error: , line 0: uncaught exception: null
JavaScript error: , line 0: uncaught exception: null
JavaScript error: , line 0: uncaught exception: null
JavaScript error: , line 0: uncaught exception: null
JavaScript error: , line 0: uncaught exception: null
JavaScript error: , line 0: uncaught exception: null
JavaScript error: , line 0: uncaught exception: null
JavaScript error: , line 0: uncaught exception: null
JavaScript error: , line 0: uncaught exception: null
JavaScript error: , line 0: uncaught exception: null
JavaScript error: , line 0: uncaught exception: null
JavaScript error: , line 0: uncaught exception: null
JavaScript error: , line 0: uncaught exception: null
JavaScript error: , line 0: uncaught exception: null
JavaScript error: , line 0: uncaught exception: null
JavaScript error: , line 0: uncaught exception: null
JavaScript error: , line 0: uncaught exception: null
JavaScript error: , line 0: uncaught exception: null
JavaScript error: , line 0: uncaught exception: null
JavaScript error: , line 0: uncaught exception: null
JavaScript error: , line 0: uncaught exception: null
JavaScript error: , line 0: uncaught exception: null
ht exception: null
JavaScript error: , line 0: uncaught exception: null
JavaScript error: , line 0: uncaught exception: null
JavaScript error: , line 0: uncaught exception: null
JavaScript error: , line 0: uncaught exception: null
JavaScript error: , line 0: uncaught exception: null
JavaScript error: , line 0: uncaught exception: null
JavaScript error: , line 0: uncaught exception: null
JavaScript error: , line 0: uncaught exception: null
JavaScript error: , line 0: uncaught exception: null
JavaScript error: , line 0: uncaught exception: null
JavaScript error: , line 0: uncaught exception: null
JavaScript error: , line 0: uncaught exception: null
JavaScript error: , line 0: uncaught exception: null
JavaScript error: , line 0: uncaught exception: null
JavaScript error: , line 0: uncaught exception: null
JavaScript error: , line 0: uncaught exception: null
JavaScript error: , line 0: uncaught exception: null
JavaScript error: , line 0: uncaught exception: null
JavaScript error: , line 0: uncaught exception: null
JavaScript error: , line 0: uncaught exception: null
JavaScript error: , line 0: uncaught exception: null
JavaScript error: , line 0: uncaught exception: null
JavaScript error: , line 0: uncaught exception: null
JavaScript error: , line 0: uncaught exception: null
JavaScript error: , line 0: uncaught exception: null
JavaScript error: , line 0: uncaught exception: null
JavaScript error: , line 0: uncaught exception: null
ht exception: null
JavaScript error: , line 0: uncaught exception: null
JavaScript error: , line 0: uncaught exception: null
JavaScript error: , line 0: uncaught exception: null
JavaScript error: , line 0: uncaught exception: null
JavaScript error: , line 0: uncaught exception: null
JavaScript error: , line 0: uncaught exception: null
JavaScript error: , line 0: uncaught exception: null
JavaScript error: , line 0: uncaught exception: null
JavaScript error: , line 0: uncaught exception: null
JavaScript error: , line 0: uncaught exception: null
JavaScript error: , line 0: uncaught exception: null
JavaScript error: , line 0: uncaught exception: null
JavaScript error: , line 0: uncaught exception: null
JavaScript error: , line 0: uncaught exception: null
JavaScript error: , line 0: uncaught exception: null
JavaScript error: , line 0: uncaught exception: null
JavaScript error: , line 0: uncaught exception: null
JavaScript error: , line 0: uncaught exception: null
JavaScript error: , line 0: uncaught exception: null
JavaScript error: , line 0: uncaught exception: null
JavaScript error: , line 0: uncaught exception: null
JavaScript error: , line 0: uncaught exception: null
JavaScript error: , line 0: uncaught exception: null
JavaScript error: , line 0: uncaught exception: null
JavaScript error: , line 0: uncaught exception: null
ht exception: null
JavaScript error: , line 0: uncaught exception: null
JavaScript error: , line 0: uncaught exception: null
JavaScript error: , line 0: uncaught exception: null
JavaScript error: , line 0: uncaught exception: null
JavaScript error: , line 0: uncaught exception: null
JavaScript error: , line 0: uncaught exception: null
JavaScript error: , line 0: uncaught exception: null
JavaScript error: , line 0: uncaught exception: null
JavaScript error: , line 0: uncaught exception: null
JavaScript error: , line 0: uncaught exception: null
JavaScript error: , line 0: uncaught exception: null
JavaScript error: , line 0: uncaught exception: null
JavaScript error: , line 0: uncaught exception: null
JavaScript error: , line 0: uncaught exception: null
JavaScript error: , line 0: uncaught exception: null
JavaScript error: , line 0: uncaught exception: null
JavaScript error: , line 0: uncaught exception: null
JavaScript error: , line 0: uncaught exception: null
JavaScript error: , line 0: uncaught exception: null
JavaScript error: , line 0: uncaught exception: null
JavaScript error: , line 0: uncaught exception: null
JavaScript error: , line 0: uncaught exception: null
JavaScript error: , line 0: uncaught exception: null
JavaScript error: , line 0: uncaught exception: null
JavaScript error: , line 0: uncaught exception: null
ht exception: null
JavaScript error: , line 0: uncaught exception: null
JavaScript error: , line 0: uncaught exception: null
JavaScript error: , line 0: uncaught exception: null
JavaScript error: , line 0: uncaught exception: null
JavaScript error: , line 0: uncaught exception: null
JavaScript error: , line 0: uncaught exception: null
JavaScript error: , line 0: uncaught exception: null
JavaScript error: , line 0: uncaught exception: null
JavaScript error: , line 0: uncaught exception: null
JavaScript error: , line 0: uncaught exception: null
JavaScript error: , line 0: uncaught exception: null
JavaScript error: , line 0: uncaught exception: null
JavaScript error: , line 0: uncaught exception: null
JavaScript error: , line 0: uncaught exception: null
JavaScript error: , line 0: uncaught exception: null
JavaScript error: , line 0: uncaught exception: null
JavaScript error: , line 0: uncaught exception: null
JavaScript error: , line 0: uncaught exception: null
JavaScript error: , line 0: uncaught exception: null
JavaScript error: , line 0: uncaught exception: null
JavaScript error: , line 0: uncaught exception: null
JavaScript error: , line 0: uncaught exception: null
JavaScript error: , line 0: uncaught exception: null
JavaScript error: , line 0: uncaught exception: null
JavaScript error: , line 0: uncaught exception: null
JavaScript error: , line 0: uncaught exception: null
JavaScript error: , line 0: uncaught exception: null
eption: null
JavaScript error: , line 0: uncaught exception: null
JavaScript error: , line 0: uncaught exception: null
JavaScript error: , line 0: uncaught exception: null
JavaScript error: , line 0: uncaught exception: null
JavaScript error: , line 0: uncaught exception: null
JavaScript error: , line 0: uncaught exception: null
JavaScript error: , line 0: uncaught exception: null
JavaScript error: , line 0: uncaught exception: null
JavaScript error: , line 0: uncaught exception: null
JavaScript error: , line 0: uncaught exception: null
JavaScript error: , line 0: uncaught exception: null
JavaScript error: , line 0: uncaught exception: null
JavaScript error: , line 0: uncaught exception: null
JavaScript error: , line 0: uncaught exception: null
JavaScript error: , line 0: uncaught exception: null
JavaScript error: , line 0: uncaught exception: null
JavaScript error: , line 0: uncaught exception: null
JavaScript error: , line 0: uncaught exception: null
JavaScript error: , line 0: uncaught exception: null
JavaScript error: , line 0: uncaught exception: null
JavaScript error: , line 0: uncaught exception: null
JavaScript error: , line 0: uncaught exception: null
JavaScript error: , line 0: uncaught exception: null
JavaScript error: , line 0: uncaught exception: null
JavaScript error: , line 0: uncaught exception: null
JavaScript error: , line 0: uncaught exception: null
Exiting due to channel error.
cript error: , line 0: uncaught exception: null
JavaScript error: , line 0: uncaught exception: null
JavaScript error: , line 0: uncaught exception: null
JavaScript error: , line 0: uncaught exception: null
JavaScript error: , line 0: uncaught exception: null
JavaScript error: , line 0: uncaught exception: null
JavaScript error: , line 0: uncaught exception: null
JavaScript error: , line 0: uncaught exception: null
JavaScript error: , line 0: uncaught exception: null
JavaScript error: , line 0: uncaught exception: null
JavaScript error: , line 0: uncaught exception: null
JavaScript error: , line 0: uncaught exception: null
JavaScript error: , line 0: uncaught exception: null
JavaScript error: , line 0: uncaught exception: null
JavaScript error: , line 0: uncaught exception: null
JavaScript error: , line 0: uncaught exception: null
JavaScript error: , line 0: uncaught exception: null
JavaScript error: , line 0: uncaught exception: null
JavaScript error: , line 0: uncaught exception: null
JavaScript error: , line 0: uncaught exception: null
JavaScript error: , line 0: uncaught exception: null
ht exception: null
JavaScript error: , line 0: uncaught exception: null
JavaScript error: , line 0: uncaught exception: null
JavaScript error: , line 0: uncaught exception: null
JavaScript error: , line 0: uncaught exception: null
JavaScript error: , line 0: uncaught exception: null
JavaScript error: , line 0: uncaught exception: null
JavaScript error: , line 0: uncaught exception: null
JavaScript error: , line 0: uncaught exception: null
JavaScript error: , line 0: uncaught exception: null
JavaScript error: , line 0: uncaught exception: null
JavaScript error: , line 0: uncaught exception: null
JavaScript error: , line 0: uncaught exception: null
JavaScript error: , line 0: uncaught exception: null
JavaScript error: , line 0: uncaught exception: null
JavaScript error: , line 0: uncaught exception: null
JavaScript error: , line 0: uncaught exception: null
JavaScript error: , line 0: uncaught exception: null
JavaScript error: , line 0: uncaught exception: null
JavaScript error: , line 0: uncaught exception: null
JavaScript error: , line 0: uncaught exception: null
JavaScript error: , line 0: uncaught exception: null
JavaScript error: , line 0: uncaught exception: null
JavaScript error: , line 0: uncaught exception: null
JavaScript error: , line 0: uncaught exception: null
JavaScript error: , line 0: uncaught exception: null
JavaScript error: , line 0: uncaught exception: null
ht exception: null
JavaScript error: , line 0: uncaught exception: null
JavaScript error: , line 0: uncaught exception: null
JavaScript error: , line 0: uncaught exception: null
JavaScript error: , line 0: uncaught exception: null
JavaScript error: , line 0: uncaught exception: null
JavaScript error: , line 0: uncaught exception: null
JavaScript error: , line 0: uncaught exception: null
JavaScript error: , line 0: uncaught exception: null
JavaScript error: , line 0: uncaught exception: null
JavaScript error: , line 0: uncaught exception: null
JavaScript error: , line 0: uncaught exception: null
JavaScript error: , line 0: uncaught exception: null
JavaScript error: , line 0: uncaught exception: null
JavaScript error: , line 0: uncaught exception: null
JavaScript error: , line 0: uncaught exception: null
JavaScript error: , line 0: uncaught exception: null
JavaScript error: , line 0: uncaught exception: null
JavaScript error: , line 0: uncaught exception: null
JavaScript error: , line 0: uncaught exception: null
JavaScript error: , line 0: uncaught exception: null
JavaScript error: , line 0: uncaught exception: null
JavaScript error: , line 0: uncaught exception: null
JavaScript error: , line 0: uncaught exception: null
JavaScript error: , line 0: uncaught exception: null
JavaScript error: , line 0: uncaught exception: null
ht exception: null
JavaScript error: , line 0: uncaught exception: null
JavaScript error: , line 0: uncaught exception: null
JavaScript error: , line 0: uncaught exception: null
JavaScript error: , line 0: uncaught exception: null
JavaScript error: , line 0: uncaught exception: null
JavaScript error: , line 0: uncaught exception: null
JavaScript error: , line 0: uncaught exception: null
JavaScript error: , line 0: uncaught exception: null
JavaScript error: , line 0: uncaught exception: null
JavaScript error: , line 0: uncaught exception: null
JavaScript error: , line 0: uncaught exception: null
JavaScript error: , line 0: uncaught exception: null
JavaScript error: , line 0: uncaught exception: null
JavaScript error: , line 0: uncaught exception: null
JavaScript error: , line 0: uncaught exception: null
JavaScript error: , line 0: uncaught exception: null
JavaScript error: , line 0: uncaught exception: null
JavaScript error: , line 0: uncaught exception: null
JavaScript error: , line 0: uncaught exception: null
JavaScript error: , line 0: uncaught exception: null
JavaScript error: , line 0: uncaught exception: null
JavaScript error: , line 0: uncaught exception: null
JavaScript error: , line 0: uncaught exception: null
JavaScript error: , line 0: uncaught exception: null
JavaScript error: , line 0: uncaught exception: null
ht exception: null
JavaScript error: , line 0: uncaught exception: null
JavaScript error: , line 0: uncaught exception: null
JavaScript error: , line 0: uncaught exception: null
JavaScript error: , line 0: uncaught exception: null
JavaScript error: , line 0: uncaught exception: null
JavaScript error: , line 0: uncaught exception: null
JavaScript error: , line 0: uncaught exception: null
JavaScript error: , line 0: uncaught exception: null
JavaScript error: , line 0: uncaught exception: null
JavaScript error: , line 0: uncaught exception: null
JavaScript error: , line 0: uncaught exception: null
JavaScript error: , line 0: uncaught exception: null
JavaScript error: , line 0: uncaught exception: null
JavaScript error: , line 0: uncaught exception: null
JavaScript error: , line 0: uncaught exception: null
JavaScript error: , line 0: uncaught exception: null
JavaScript error: , line 0: uncaught exception: null
JavaScript error: , line 0: uncaught exception: null
JavaScript error: , line 0: uncaught exception: null
JavaScript error: , line 0: uncaught exception: null
JavaScript error: , line 0: uncaught exception: null
JavaScript error: , line 0: uncaught exception: null
JavaScript error: , line 0: uncaught exception: null
JavaScript error: , line 0: uncaught exception: null
JavaScript error: , line 0: uncaught exception: null
Exiting due to channel error.
error: , line 0: uncaught exception: null
JavaScript error: , line 0: uncaught exception: null
JavaScript error: , line 0: uncaught exception: null
JavaScript error: , line 0: uncaught exception: null
JavaScript error: , line 0: uncaught exception: null
JavaScript error: , line 0: uncaught exception: null
JavaScript error: , line 0: uncaught exception: null
JavaScript error: , line 0: uncaught exception: null
JavaScript error: , line 0: uncaught exception: null
JavaScript error: , line 0: uncaught exception: null
JavaScript error: , line 0: uncaught exception: null
JavaScript error: , line 0: uncaught exception: null
JavaScript error: , line 0: uncaught exception: null
JavaScript error: , line 0: uncaught exception: null
JavaScript error: , line 0: uncaught exception: null
JavaScript error: , line 0: uncaught exception: null
JavaScript error: , line 0: uncaught exception: null
JavaScript error: , line 0: uncaught exception: null
JavaScript error: , line 0: uncaught exception: null
JavaScript error: , line 0: uncaught exception: null
JavaScript error: , line 0: uncaught exception: null
JavaScript error: , line 0: uncaught exception: null
JavaScript error: , line 0: uncaught exception: null
JavaScript error: , line 0: uncaught exception: null
JavaScript error: , line 0: uncaught exception: null
JavaScript error: , line 0: uncaught exception: null
JavaScript error: , line 0: uncaught exception: null
Exiting due to channel error.
error: , line 0: uncaught exception: null
JavaScript error: , line 0: uncaught exception: null
JavaScript error: , line 0: uncaught exception: null
JavaScript error: , line 0: uncaught exception: null
JavaScript error: , line 0: uncaught exception: null
JavaScript error: , line 0: uncaught exception: null
JavaScript error: , line 0: uncaught exception: null
JavaScript error: , line 0: uncaught exception: null
JavaScript error: , line 0: uncaught exception: null
JavaScript error: , line 0: uncaught exception: null
JavaScript error: , line 0: uncaught exception: null
JavaScript error: , line 0: uncaught exception: null
JavaScript error: , line 0: uncaught exception: null
JavaScript error: , line 0: uncaught exception: null
JavaScript error: , line 0: uncaught exception: null
JavaScript error: , line 0: uncaught exception: null
JavaScript error: , line 0: uncaught exception: null
JavaScript error: , line 0: uncaught exception: null
JavaScript error: , line 0: uncaught exception: null
JavaScript error: , line 0: uncaught exception: null
JavaScript error: , line 0: uncaught exception: null
JavaScript error: , line 0: uncaught exception: null
JavaScript error: , line 0: uncaught exception: null
ht exception: null
JavaScript error: , line 0: uncaught exception: null
JavaScript error: , line 0: uncaught exception: null
JavaScript error: , line 0: uncaught exception: null
JavaScript error: , line 0: uncaught exception: null
JavaScript error: , line 0: uncaught exception: null
JavaScript error: , line 0: uncaught exception: null
JavaScript error: , line 0: uncaught exception: null
JavaScript error: , line 0: uncaught exception: null
JavaScript error: , line 0: uncaught exception: null
JavaScript error: , line 0: uncaught exception: null
JavaScript error: , line 0: uncaught exception: null
JavaScript error: , line 0: uncaught exception: null
JavaScript error: , line 0: uncaught exception: null
JavaScript error: , line 0: uncaught exception: null
JavaScript error: , line 0: uncaught exception: null
JavaScript error: , line 0: uncaught exception: null
JavaScript error: , line 0: uncaught exception: null
JavaScript error: , line 0: uncaught exception: null
JavaScript error: , line 0: uncaught exception: null
JavaScript error: , line 0: uncaught exception: null
JavaScript error: , line 0: uncaught exception: null
JavaScript error: , line 0: uncaught exception: null
JavaScript error: , line 0: uncaught exception: null
JavaScript error: , line 0: uncaught exception: null
JavaScript error: , line 0: uncaught exception: null
Exiting due to channel error.
Exiting due to channel error.
tion: null
JavaScript error: , line 0: uncaught exception: null
JavaScript error: , line 0: uncaught exception: null
JavaScript error: , line 0: uncaught exception: null
JavaScript error: , line 0: uncaught exception: null
JavaScript error: , line 0: uncaught exception: null
JavaScript error: , line 0: uncaught exception: null
JavaScript error: , line 0: uncaught exception: null
JavaScript error: , line 0: uncaught exception: null
JavaScript error: , line 0: uncaught exception: null
JavaScript error: , line 0: uncaught exception: null
JavaScript error: , line 0: uncaught exception: null
JavaScript error: , line 0: uncaught exception: null
JavaScript error: , line 0: uncaught exception: null
JavaScript error: , line 0: uncaught exception: null
JavaScript error: , line 0: uncaught exception: null
JavaScript error: , line 0: uncaught exception: null
JavaScript error: , line 0: uncaught exception: null
JavaScript error: , line 0: uncaught exception: null
JavaScript error: , line 0: uncaught exception: null
JavaScript error: , line 0: uncaught exception: null
JavaScript error: , line 0: uncaught exception: null
JavaScript error: , line 0: uncaught exception: null
JavaScript error: , line 0: uncaught exception: null
JavaScript error: , line 0: uncaught exception: null
ull
JavaScript error: , line 0: uncaught exception: null
JavaScript error: , line 0: uncaught exception: null
JavaScript error: , line 0: uncaught exception: null
JavaScript error: , line 0: uncaught exception: null
JavaScript error: , line 0: uncaught exception: null
JavaScript error: , line 0: uncaught exception: null
JavaScript error: , line 0: uncaught exception: null
JavaScript error: , line 0: uncaught exception: null
JavaScript error: , line 0: uncaught exception: null
JavaScript error: , line 0: uncaught exception: null
JavaScript error: , line 0: uncaught exception: null
JavaScript error: , line 0: uncaught exception: null
JavaScript error: , line 0: uncaught exception: null
JavaScript error: , line 0: uncaught exception: null
JavaScript error: , line 0: uncaught exception: null
JavaScript error: , line 0: uncaught exception: null
JavaScript error: , line 0: uncaught exception: null
JavaScript error: , line 0: uncaught exception: null
JavaScript error: , line 0: uncaught exception: null
JavaScript error: , line 0: uncaught exception: null
JavaScript error: , line 0: uncaught exception: null
JavaScript error: , line 0: uncaught exception: null
JavaScript error: , line 0: uncaught exception: null
JavaScript error: , line 0: uncaught exception: null
JavaScript error: , line 0: uncaught exception: null
JavaScript error: , line 0: uncaught exception: null
JavaScript error: , line 0: uncaught exception: null
JavaScript error: , line 0: uncaught exception: null
JavaScript error: , line 0: uncaught exception: Object
JavaScript error: , line 0: uncaught exception: Object
JavaScript error: , line 0: uncaught exception: null
JavaScript error: , line 0: uncaught exception: null
Exiting due to channel error.
r: , line 0: uncaught exception: null
JavaScript error: , line 0: uncaught exception: null
JavaScript error: , line 0: uncaught exception: null
JavaScript error: , line 0: uncaught exception: null
JavaScript error: , line 0: uncaught exception: null
JavaScript error: , line 0: uncaught exception: null
JavaScript error: , line 0: uncaught exception: null
JavaScript error: , line 0: uncaught exception: null
JavaScript error: , line 0: uncaught exception: null
JavaScript error: , line 0: uncaught exception: null
JavaScript error: , line 0: uncaught exception: null
JavaScript error: , line 0: uncaught exception: null
JavaScript error: , line 0: uncaught exception: null
JavaScript error: , line 0: uncaught exception: null
JavaScript error: , line 0: uncaught exception: null
JavaScript error: , line 0: uncaught exception: null
JavaScript error: , line 0: uncaught exception: null
JavaScript error: , line 0: uncaught exception: null
JavaScript error: , line 0: uncaught exception: null
JavaScript error: , line 0: uncaught exception: null
JavaScript error: , line 0: uncaught exception: null
JavaScript error: , line 0: uncaught exception: null
JavaScript error: , line 0: uncaught exception: null
JavaScript error: , line 0: uncaught exception: null
JavaScript error: , line 0: uncaught exception: null
Exiting due to channel error.
 error: , line 0: uncaught exception: null
JavaScript error: , line 0: uncaught exception: null
JavaScript error: , line 0: uncaught exception: null
JavaScript error: , line 0: uncaught exception: null
JavaScript error: , line 0: uncaught exception: null
JavaScript error: , line 0: uncaught exception: null
JavaScript error: , line 0: uncaught exception: null
JavaScript error: , line 0: uncaught exception: null
JavaScript error: , line 0: uncaught exception: null
JavaScript error: , line 0: uncaught exception: null
JavaScript error: , line 0: uncaught exception: null
JavaScript error: , line 0: uncaught exception: null
JavaScript error: , line 0: uncaught exception: null
JavaScript error: , line 0: uncaught exception: null
JavaScript error: , line 0: uncaught exception: null
JavaScript error: , line 0: uncaught exception: null
JavaScript error: , line 0: uncaught exception: null
JavaScript error: , line 0: uncaught exception: null
JavaScript error: , line 0: uncaught exception: null
JavaScript error: , line 0: uncaught exception: null
JavaScript error: , line 0: uncaught exception: null
JavaScript error: , line 0: uncaught exception: null
JavaScript error: , line 0: uncaught exception: null
xception: null
JavaScript error: , line 0: uncaught exception: null
JavaScript error: , line 0: uncaught exception: null
JavaScript error: , line 0: uncaught exception: Object
JavaScript error: , line 0: uncaught exception: Object
JavaScript error: , line 0: uncaught exception: Object
JavaScript error: , line 0: uncaught exception: Object
JavaScript error: , line 0: uncaught exception: null
JavaScript error: , line 0: uncaught exception: Object
JavaScript error: , line 0: uncaught exception: null
JavaScript error: , line 0: uncaught exception: Object
JavaScript error: , line 0: uncaught exception: Object
JavaScript error: , line 0: uncaught exception: Object
JavaScript error: , line 0: uncaught exception: null
JavaScript error: , line 0: uncaught exception: null
JavaScript error: , line 0: uncaught exception: null
JavaScript error: , line 0: uncaught exception: Object
JavaScript error: , line 0: uncaught exception: Object
JavaScript error: , line 0: uncaught exception: Object
JavaScript error: , line 0: uncaught exception: null
JavaScript error: , line 0: uncaught exception: null
JavaScript error: , line 0: uncaught exception: null
JavaScript error: , line 0: uncaught exception: Object
JavaScript error: , line 0: uncaught exception: Object
JavaScript error: , line 0: uncaught exception: null
JavaScript error: , line 0: uncaught exception: Object
JavaScript error: , line 0: uncaught exception: Object
JavaScript error: , line 0: uncaught exception: null
JavaScript error: , line 0: uncaught exception: Object
JavaScript error: , line 0: uncaught exception: Object
JavaScript error: , line 0: uncaught exception: Object
JavaScript error: , line 0: uncaught exception: null
JavaScript error: , line 0: uncaught exception: null
JavaScript error: , line 0: uncaught exception: Object
JavaScript error: , line 0: uncaught exception: null
JavaScript error: , line 0: uncaught exception: Object
JavaScript error: , line 0: uncaught exception: Object
JavaScript error: , line 0: uncaught exception: null
JavaScript error: , line 0: uncaught exception: null
JavaScript error: , line 0: uncaught exception: null
JavaScript error: , line 0: uncaught exception: null
JavaScript error: , line 0: uncaught exception: Object
JavaScript error: , line 0: uncaught exception: Object
JavaScript error: , line 0: uncaught exception: Object
JavaScript error: , line 0: uncaught exception: null
JavaScript error: , line 0: uncaught exception: Object
JavaScript error: , line 0: uncaught exception: null
JavaScript error: , line 0: uncaught exception: null
JavaScript error: , line 0: uncaught exception: Object
JavaScript error: , line 0: uncaught exception: null
JavaScript error: , line 0: uncaught exception: Object
JavaScript error: , line 0: uncaught exception: null
JavaScript error: , line 0: uncaught exception: Object
JavaScript error: , line 0: uncaught exception: Object
JavaScript error: , line 0: uncaught exception: null
JavaScript error: , line 0: uncaught exception: Object
JavaScript error: , line 0: uncaught exception: null
JavaScript error: , line 0: uncaught exception: null
JavaScript error: , line 0: uncaught exception: Object
JavaScript error: , line 0: uncaught exception: Object
JavaScript error: , line 0: uncaught exception: null
JavaScript error: , line 0: uncaught exception: Object
JavaScript error: , line 0: uncaught exception: null
JavaScript error: , line 0: uncaught exception: null
JavaScript error: , line 0: uncaught exception: null
JavaScript error: , line 0: uncaught exception: null
JavaScript error: , line 0: uncaught exception: null
JavaScript error: , line 0: uncaught exception: null
JavaScript error: , line 0: uncaught exception: null
JavaScript error: , line 0: uncaught exception: null
JavaScript error: , line 0: uncaught exception: null
JavaScript error: , line 0: uncaught exception: Object
JavaScript error: , line 0: uncaught exception: Object
JavaScript error: , line 0: uncaught exception: Object
JavaScript error: , line 0: uncaught exception: Object
JavaScript error: , line 0: uncaught exception: null
JavaScript error: , line 0: uncaught exception: null
JavaScript error: , line 0: uncaught exception: null
JavaScript error: , line 0: uncaught exception: null
JavaScript error: , line 0: uncaught exception: null
1591718127063	mozrunner::runner	INFO	Running command: "C:\\Program Files\\Mozilla Firefox\\firefox.exe" "-marionette" "-headless" "-foreground" "-no-remote" "-profile" "C:\\Users\\rgstr\\AppData\\Local\\Temp\\rust_mozprofileE0yK6n"
*** You are running in headless mode.
1591718128413	addons.webextension.doh-rollout@mozilla.org	WARN	Loading extension 'doh-rollout@mozilla.org': Reading manifest: Invalid extension permission: networkStatus
1591718128766	addons.webextension.screenshots@mozilla.org	WARN	Loading extension 'screenshots@mozilla.org': Reading manifest: Invalid extension permission: mozillaAddons
1591718128766	addons.webextension.screenshots@mozilla.org	WARN	Loading extension 'screenshots@mozilla.org': Reading manifest: Invalid extension permission: telemetry
1591718128766	addons.webextension.screenshots@mozilla.org	WARN	Loading extension 'screenshots@mozilla.org': Reading manifest: Invalid extension permission: resource://pdf.js/
1591718128766	addons.webextension.screenshots@mozilla.org	WARN	Loading extension 'screenshots@mozilla.org': Reading manifest: Invalid extension permission: about:reader*
JavaScript error: resource://gre/modules/XULStore.jsm, line 66: Error: Can't find profile directory.
1591718130076	Marionette	INFO	Listening on port 2938
1591718130203	Marionette	WARN	TLS certificate errors will be ignored for this session
1591887649971	mozrunner::runner	INFO	Running command: "C:\\Program Files\\Mozilla Firefox\\firefox.exe" "-marionette" "-headless" "-foreground" "-no-remote" "-profile" "C:\\Users\\rgstr\\AppData\\Local\\Temp\\rust_mozprofileU45vku"
*** You are running in headless mode.
JavaScript error: resource://gre/modules/XULStore.jsm, line 66: Error: Can't find profile directory.
1591887651428	Marionette	INFO	Listening on port 11186
1591887651492	Marionette	WARN	TLS certificate errors will be ignored for this session
1591888022506	mozrunner::runner	INFO	Running command: "C:\\Program Files\\Mozilla Firefox\\firefox.exe" "-marionette" "-headless" "-foreground" "-no-remote" "-profile" "C:\\Users\\rgstr\\AppData\\Local\\Temp\\rust_mozprofileMOIcxM"
*** You are running in headless mode.
JavaScript error: resource://gre/modules/XULStore.jsm, line 66: Error: Can't find profile directory.
1591888023937	Marionette	INFO	Listening on port 11465
1591888024026	Marionette	WARN	TLS certificate errors will be ignored for this session
1591888188224	mozrunner::runner	INFO	Running command: "C:\\Program Files\\Mozilla Firefox\\firefox.exe" "-marionette" "-headless" "-foreground" "-no-remote" "-profile" "C:\\Users\\rgstr\\AppData\\Local\\Temp\\rust_mozprofilefvBUq5"
*** You are running in headless mode.
JavaScript error: resource://gre/modules/XULStore.jsm, line 66: Error: Can't find profile directory.
1591888189983	Marionette	INFO	Listening on port 11647
1591888190237	Marionette	WARN	TLS certificate errors will be ignored for this session
1591888315318	mozrunner::runner	INFO	Running command: "C:\\Program Files\\Mozilla Firefox\\firefox.exe" "-marionette" "-headless" "-foreground" "-no-remote" "-profile" "C:\\Users\\rgstr\\AppData\\Local\\Temp\\rust_mozprofileTIjT7V"
*** You are running in headless mode.
JavaScript error: resource://gre/modules/XULStore.jsm, line 66: Error: Can't find profile directory.
1591888317085	Marionette	INFO	Listening on port 11846
1591888317341	Marionette	WARN	TLS certificate errors will be ignored for this session
JavaScript error: resource://gre/modules/NetworkGeolocationProvider.jsm, line 555: TypeError: xhr.response.location is undefined
1591888695109	mozrunner::runner	INFO	Running command: "C:\\Program Files\\Mozilla Firefox\\firefox.exe" "-marionette" "-headless" "-foreground" "-no-remote" "-profile" "C:\\Users\\rgstr\\AppData\\Local\\Temp\\rust_mozprofile4etnc4"
*** You are running in headless mode.
JavaScript error: resource://gre/modules/XULStore.jsm, line 66: Error: Can't find profile directory.
1591888697777	Marionette	INFO	Listening on port 12272
1591888698226	Marionette	WARN	TLS certificate errors will be ignored for this session
1591889011865	mozrunner::runner	INFO	Running command: "C:\\Program Files\\Mozilla Firefox\\firefox.exe" "-marionette" "-headless" "-foreground" "-no-remote" "-profile" "C:\\Users\\rgstr\\AppData\\Local\\Temp\\rust_mozprofileUYkTW7"
*** You are running in headless mode.
JavaScript error: resource://gre/modules/XULStore.jsm, line 66: Error: Can't find profile directory.
1591889014136	Marionette	INFO	Listening on port 12880
1591889014487	Marionette	WARN	TLS certificate errors will be ignored for this session
Exiting due to channel error.
	INFO	Running command: "C:\\Program Files\\Mozilla Firefox\\firefox.exe" "-marionette" "-headless" "-foreground" "-no-remote" "-profile" "C:\\Users\\rgstr\\AppData\\Local\\Temp\\rust_mozprofileWqggg6"
*** You are running in headless mode.
JavaScript error: resource://gre/modules/XULStore.jsm, line 66: Error: Can't find profile directory.
1591889101499	Marionette	INFO	Listening on port 12995
1591889101801	Marionette	WARN	TLS certificate errors will be ignored for this session
Exiting due to channel error.
1591960623872	mozrunner::runner	INFO	Running command: "C:\\Program Files\\Mozilla Firefox\\firefox.exe" "-marionette" "-headless" "-foreground" "-no-remote" "-profile" "C:\\Users\\rgstr\\AppData\\Local\\Temp\\rust_mozprofileRsXYw2"
*** You are running in headless mode.
JavaScript error: resource://gre/modules/XULStore.jsm, line 66: Error: Can't find profile directory.
1591960626416	Marionette	INFO	Listening on port 2370
1591960626487	Marionette	WARN	TLS certificate errors will be ignored for this session
Exiting due to channel error.
	INFO	Running command: "C:\\Program Files\\Mozilla Firefox\\firefox.exe" "-marionette" "-headless" "-foreground" "-no-remote" "-profile" "C:\\Users\\rgstr\\AppData\\Local\\Temp\\rust_mozprofile9y2q11"
*** You are running in headless mode.
JavaScript error: resource://gre/modules/XULStore.jsm, line 66: Error: Can't find profile directory.
1591960787407	Marionette	INFO	Listening on port 2478
1591960787582	Marionette	WARN	TLS certificate errors will be ignored for this session
